2021/07/06 08:41:42 [INFO] Terraform version: 0.12.29  
2021/07/06 08:41:42 [INFO] Go runtime version: go1.12.13
2021/07/06 08:41:42 [INFO] CLI args: []string{"/usr/local/bin/terraform", "plan"}
2021/07/06 08:41:42 [DEBUG] Attempting to open CLI config file: /root/.terraformrc
2021/07/06 08:41:42 [DEBUG] File doesn't exist, but doesn't need to. Ignoring.
2021/07/06 08:41:42 [DEBUG] checking for credentials in "/root/.terraform.d/plugins"
2021/07/06 08:41:42 [INFO] CLI command args: []string{"plan"}
panic: inconsistent map element types (cty.String then cty.Tuple([]cty.Type{cty.String, cty.String, cty.String}))

goroutine 1 [running]:
github.com/zclconf/go-cty/cty.MapVal(0xc00053ce78, 0xc00053ce00, 0xc00003f2b0, 0x5, 0xc00053f9e8)
	/go/pkg/mod/github.com/zclconf/go-cty@v1.2.1/cty/value_init.go:207 +0x538
github.com/zclconf/go-cty/cty/convert.conversionObjectToMap.func2(0x246a040, 0xc000494120, 0x1bd0d80, 0xc000291830, 0xc000123a70, 0x1, 0x1, 0xc000482000, 0x10, 0x10, ...)
	/go/pkg/mod/github.com/zclconf/go-cty@v1.2.1/cty/convert/conversion_collection.go:338 +0x555
github.com/zclconf/go-cty/cty/convert.getConversion.func1(0x246a040, 0xc000494120, 0x1bd0d80, 0xc000291830, 0x0, 0x0, 0x0, 0xc0001aa360, 0xc000123a60, 0x246a000, ...)
	/go/pkg/mod/github.com/zclconf/go-cty@v1.2.1/cty/convert/conversion.go:46 +0x1ad
github.com/zclconf/go-cty/cty/convert.retConversion.func1(0x246a040, 0xc000494120, 0x1bd0d80, 0xc000291830, 0xc000123a60, 0x0, 0x1, 0x0, 0x0, 0x0)
	/go/pkg/mod/github.com/zclconf/go-cty@v1.2.1/cty/convert/conversion.go:179 +0x6b
github.com/zclconf/go-cty/cty/convert.Convert(0x246a040, 0xc000494120, 0x1bd0d80, 0xc000291830, 0x246a000, 0xc000123620, 0x1, 0x1, 0x1, 0x2, ...)
	/go/pkg/mod/github.com/zclconf/go-cty@v1.2.1/cty/convert/public.go:51 +0x1af
github.com/hashicorp/terraform/configs.decodeVariableBlock(0xc0005a8820, 0x0, 0x1f1b8e7, 0x8, 0x1, 0x0)
	/home/circleci/project/project/configs/named_values.go:109 +0x8bb
github.com/hashicorp/terraform/configs.(*Parser).loadConfigFile(0xc000498840, 0xc00003e6e0, 0xc, 0x0, 0x3, 0xc0004992e0, 0x2, 0x4)
	/home/circleci/project/project/configs/parser_config.go:96 +0x1c1e
github.com/hashicorp/terraform/configs.(*Parser).LoadConfigFile(...)
	/home/circleci/project/project/configs/parser_config.go:22
github.com/hashicorp/terraform/configs.(*Parser).loadFiles(0xc000498840, 0xc0001c8500, 0x4, 0x4, 0x0, 0x4, 0x0, 0x0, 0x0, 0x0, ...)
	/home/circleci/project/project/configs/parser_config_dir.go:77 +0x343
github.com/hashicorp/terraform/configs.(*Parser).LoadConfigDir(0xc000498840, 0x1f13f6d, 0x1, 0x0, 0x1, 0x0, 0xc00053d978)
	/home/circleci/project/project/configs/parser_config_dir.go:37 +0x121
github.com/hashicorp/terraform/command.(*Meta).loadSingleModule(0xc0004548c0, 0x1f13f6d, 0x1, 0xc00053d978, 0x19654dc, 0xc0000ae8f0, 0x1)
	/home/circleci/project/project/command/meta_config.go:113 +0x136
github.com/hashicorp/terraform/command.(*Meta).loadBackendConfig(0xc0004548c0, 0xc00003c084, 0x10, 0x0, 0x0, 0x0, 0x0)
	/home/circleci/project/project/command/meta_config.go:175 +0x43
github.com/hashicorp/terraform/command.(*PlanCommand).Run(0xc0004548c0, 0xc00000c090, 0x0, 0x0, 0xc00007f7e0)
	/home/circleci/project/project/command/plan.go:73 +0x82f
github.com/mitchellh/cli.(*CLI).Run(0xc000372280, 0xc000372280, 0xc00053dd90, 0x1)
	/go/pkg/mod/github.com/mitchellh/cli@v1.0.0/cli.go:255 +0x1f1
main.wrappedMain(0x0)
	/home/circleci/project/project/main.go:251 +0xc8a
main.realMain(0x0)
	/home/circleci/project/project/main.go:106 +0xb4
main.main()
	/home/circleci/project/project/main.go:42 +0x3b
